=/pretest.json
{
  _: [],
  f: [
    '/home/runner/work/exp-qr-factorization-using-givens-rotation-iitb/exp-qr-factorization-using-givens-rotation-iitb/experiment/pretest.json'
  ],
  files: [
    '/home/runner/work/exp-qr-factorization-using-givens-rotation-iitb/exp-qr-factorization-using-givens-rotation-iitb/experiment/pretest.json'
  ],
  c: 'assessment',
  contentTypes: 'assessment',
  'content-types': 'assessment',
  '$0': 'validate'
}
Validated true
=/posttest.json
{
  _: [],
  f: [
    '/home/runner/work/exp-qr-factorization-using-givens-rotation-iitb/exp-qr-factorization-using-givens-rotation-iitb/experiment/posttest.json'
  ],
  files: [
    '/home/runner/work/exp-qr-factorization-using-givens-rotation-iitb/exp-qr-factorization-using-givens-rotation-iitb/experiment/posttest.json'
  ],
  c: 'assessment',
  contentTypes: 'assessment',
  'content-types': 'assessment',
  '$0': 'validate'
}
Validated true
